# Logfile created on 2015-07-05 22:42:36 -0400 by logger.rb/47272
D, [2015-07-05T22:42:42.356964 #86798] DEBUG -- :   [1m[36m (1.2ms)[0m  [1mCREATE TABLE "schema_migrations" ("version" varchar NOT NULL) [0m
D, [2015-07-05T22:42:42.357161 #86798] DEBUG -- :   [1m[35m (0.0ms)[0m  select sqlite_version(*)
D, [2015-07-05T22:42:42.358506 #86798] DEBUG -- :   [1m[36m (1.0ms)[0m  [1mCREATE UNIQUE INDEX "unique_schema_migrations" ON "schema_migrations" ("version")[0m
D, [2015-07-05T22:42:42.359045 #86798] DEBUG -- :   [1m[35mActiveRecord::SchemaMigration Load (0.1ms)[0m  SELECT "schema_migrations".* FROM "schema_migrations"
I, [2015-07-05T22:42:42.363575 #86798]  INFO -- : Migrating to Schema (1)
D, [2015-07-05T22:42:42.365310 #86798] DEBUG -- :   [1m[36m (0.1ms)[0m  [1mbegin transaction[0m
D, [2015-07-05T22:42:42.366937 #86798] DEBUG -- :   [1m[35m (0.5ms)[0m  CREATE TABLE "words" ("id" INTEGER PRIMARY KEY AUTOINCREMENT NOT NULL, "word" varchar, "part_of_speech" varchar, "defintion" text, "created_at" datetime NOT NULL, "updated_at" datetime NOT NULL) 
D, [2015-07-05T22:42:42.367412 #86798] DEBUG -- :   [1m[36m (0.1ms)[0m  [1mCREATE TABLE "elements" ("id" INTEGER PRIMARY KEY AUTOINCREMENT NOT NULL, "word_id" integer, "sentence_position" integer, "document_position" integer) [0m
D, [2015-07-05T22:42:42.373486 #86798] DEBUG -- :   [1m[35mSQL (0.1ms)[0m  INSERT INTO "schema_migrations" ("version") VALUES (?)  [["version", "1"]]
D, [2015-07-05T22:42:42.374449 #86798] DEBUG -- :   [1m[36m (0.8ms)[0m  [1mcommit transaction[0m
D, [2015-07-05T22:43:04.733449 #86831] DEBUG -- :   [1m[36mActiveRecord::SchemaMigration Load (0.1ms)[0m  [1mSELECT "schema_migrations".* FROM "schema_migrations"[0m
D, [2015-07-05T22:49:28.556915 #86992] DEBUG -- :   [1m[36m (1.1ms)[0m  [1mCREATE TABLE "schema_migrations" ("version" varchar NOT NULL) [0m
D, [2015-07-05T22:49:28.557244 #86992] DEBUG -- :   [1m[35m (0.1ms)[0m  select sqlite_version(*)
D, [2015-07-05T22:49:28.558500 #86992] DEBUG -- :   [1m[36m (0.8ms)[0m  [1mCREATE UNIQUE INDEX "unique_schema_migrations" ON "schema_migrations" ("version")[0m
D, [2015-07-05T22:49:28.559278 #86992] DEBUG -- :   [1m[35mActiveRecord::SchemaMigration Load (0.1ms)[0m  SELECT "schema_migrations".* FROM "schema_migrations"
I, [2015-07-05T22:49:28.563216 #86992]  INFO -- : Migrating to Schema (1)
D, [2015-07-05T22:49:28.564465 #86992] DEBUG -- :   [1m[36m (0.1ms)[0m  [1mbegin transaction[0m
D, [2015-07-05T22:49:28.565814 #86992] DEBUG -- :   [1m[35m (0.4ms)[0m  CREATE TABLE "words" ("id" INTEGER PRIMARY KEY AUTOINCREMENT NOT NULL, "word" varchar, "part_of_speech" varchar, "defintion" text, "created_at" datetime NOT NULL, "updated_at" datetime NOT NULL) 
D, [2015-07-05T22:49:28.566275 #86992] DEBUG -- :   [1m[36m (0.1ms)[0m  [1mCREATE TABLE "elements" ("id" INTEGER PRIMARY KEY AUTOINCREMENT NOT NULL, "word_id" integer, "sentence_position" integer, "document_position" integer) [0m
D, [2015-07-05T22:49:28.571549 #86992] DEBUG -- :   [1m[35mSQL (0.1ms)[0m  INSERT INTO "schema_migrations" ("version") VALUES (?)  [["version", "1"]]
D, [2015-07-05T22:49:28.572513 #86992] DEBUG -- :   [1m[36m (0.8ms)[0m  [1mcommit transaction[0m
